<?xml version="1.0" encoding="UTF-8"?>
<coverage generated="1548524277">
  <project timestamp="1548524277">
    <file name="R:\src\mattermost\src/config.php">
      <line num="4" type="stmt" count="17"/>
      <metrics loc="7" ncloc="7" classes="0" methods="0" coveredmethods="0" conditionals="0" coveredconditionals="0" statements="1" coveredstatements="1" elements="1" coveredelements="1"/>
    </file>
    <file name="R:\src\mattermost\src/jira.php">
      <class name="Jira" namespace="global">
        <metrics complexity="4" methods="2" coveredmethods="2" conditionals="0" coveredconditionals="0" statements="9" coveredstatements="9" elements="11" coveredelements="11"/>
      </class>
      <line num="8" type="method" name="validate" complexity="3" crap="3" count="7"/>
      <line num="11" type="stmt" count="7"/>
      <line num="12" type="stmt" count="1"/>
      <line num="15" type="stmt" count="6"/>
      <line num="17" type="stmt" count="3"/>
      <line num="18" type="stmt" count="3"/>
      <line num="20" type="stmt" count="3"/>
      <line num="23" type="method" name="process" complexity="1" crap="1" count="3"/>
      <line num="25" type="stmt" count="3"/>
      <line num="26" type="stmt" count="3"/>
      <line num="27" type="stmt" count="3"/>
      <metrics loc="31" ncloc="27" classes="1" methods="2" coveredmethods="2" conditionals="0" coveredconditionals="0" statements="9" coveredstatements="9" elements="11" coveredelements="11"/>
    </file>
    <file name="R:\src\mattermost\src/mattermost.php">
      <class name="Mattermost" namespace="global">
        <metrics complexity="12" methods="5" coveredmethods="4" conditionals="0" coveredconditionals="0" statements="25" coveredstatements="24" elements="30" coveredelements="28"/>
      </class>
      <line num="13" type="method" name="__construct" complexity="1" crap="1" count="17"/>
      <line num="15" type="stmt" count="17"/>
      <line num="17" type="stmt" count="17"/>
      <line num="18" type="stmt" count="17"/>
      <line num="19" type="stmt" count="17"/>
      <line num="20" type="stmt" count="17"/>
      <line num="21" type="stmt" count="17"/>
      <line num="22" type="stmt" count="17"/>
      <line num="23" type="stmt" count="17"/>
      <line num="24" type="stmt" count="17"/>
      <line num="25" type="stmt" count="17"/>
      <line num="27" type="method" name="get" complexity="2" crap="2" count="9"/>
      <line num="29" type="stmt" count="9"/>
      <line num="32" type="method" name="post" complexity="2" crap="2" count="17"/>
      <line num="34" type="stmt" count="17"/>
      <line num="37" type="method" name="validate" complexity="3" crap="3" count="17"/>
      <line num="39" type="stmt" count="17"/>
      <line num="40" type="stmt" count="17"/>
      <line num="41" type="stmt" count="17"/>
      <line num="42" type="stmt" count="7"/>
      <line num="43" type="stmt" count="17"/>
      <line num="45" type="stmt" count="2"/>
      <line num="46" type="stmt" count="2"/>
      <line num="48" type="stmt" count="15"/>
      <line num="51" type="method" name="run" complexity="3" crap="3.07" count="17"/>
      <line num="53" type="stmt" count="17"/>
      <line num="55" type="stmt" count="8"/>
      <line num="57" type="stmt" count="17"/>
      <line num="59" type="stmt" count="17"/>
      <line num="65" type="stmt" count="0"/>
      <metrics loc="68" ncloc="64" classes="1" methods="5" coveredmethods="4" conditionals="0" coveredconditionals="0" statements="25" coveredstatements="24" elements="30" coveredelements="28"/>
    </file>
    <file name="R:\src\mattermost\src/translate.php">
      <class name="Translate" namespace="global">
        <metrics complexity="10" methods="3" coveredmethods="3" conditionals="0" coveredconditionals="0" statements="30" coveredstatements="30" elements="33" coveredelements="33"/>
      </class>
      <line num="18" type="method" name="validate" complexity="4" crap="4" count="10"/>
      <line num="21" type="stmt" count="10"/>
      <line num="22" type="stmt" count="1"/>
      <line num="25" type="stmt" count="9"/>
      <line num="26" type="stmt" count="9"/>
      <line num="28" type="stmt" count="2"/>
      <line num="29" type="stmt" count="2"/>
      <line num="33" type="stmt" count="7"/>
      <line num="34" type="stmt" count="7"/>
      <line num="36" type="stmt" count="2"/>
      <line num="37" type="stmt" count="2"/>
      <line num="40" type="stmt" count="5"/>
      <line num="41" type="stmt" count="5"/>
      <line num="44" type="method" name="xml_entries" complexity="2" crap="2" count="5"/>
      <line num="46" type="stmt" count="5"/>
      <line num="47" type="stmt" count="5"/>
      <line num="48" type="stmt" count="5"/>
      <line num="49" type="stmt" count="5"/>
      <line num="50" type="stmt" count="5"/>
      <line num="52" type="stmt" count="4"/>
      <line num="54" type="stmt" count="5"/>
      <line num="57" type="method" name="process" complexity="4" crap="4" count="5"/>
      <line num="59" type="stmt" count="5"/>
      <line num="60" type="stmt" count="5"/>
      <line num="62" type="stmt" count="5"/>
      <line num="64" type="stmt" count="5"/>
      <line num="66" type="stmt" count="4"/>
      <line num="67" type="stmt" count="4"/>
      <line num="69" type="stmt" count="4"/>
      <line num="71" type="stmt" count="4"/>
      <line num="72" type="stmt" count="4"/>
      <line num="76" type="stmt" count="1"/>
      <line num="78" type="stmt" count="5"/>
      <metrics loc="82" ncloc="76" classes="1" methods="3" coveredmethods="3" conditionals="0" coveredconditionals="0" statements="30" coveredstatements="30" elements="33" coveredelements="33"/>
    </file>
    <metrics files="4" loc="188" ncloc="174" classes="3" methods="10" coveredmethods="9" conditionals="0" coveredconditionals="0" statements="65" coveredstatements="64" elements="75" coveredelements="73"/>
  </project>
</coverage>
